<?xml version="1.0" encoding="UTF-8"?>
<testng-results ignored="0" total="1" passed="1" failed="0" skipped="0">
  <reporter-output>
  </reporter-output>
  <suite started-at="2023-05-15T22:37:13 CDT" name="Default suite" finished-at="2023-05-15T22:37:19 CDT" duration-ms="5844">
    <groups>
    </groups>
    <test started-at="2023-05-15T22:37:13 CDT" name="Default test" finished-at="2023-05-15T22:37:19 CDT" duration-ms="5844">
      <class name="ApiTestingBasic.A6_GoogleAddPlaceAPI">
        <test-method signature="GoogleAddPlaceAPI()[pri:0, instance:ApiTestingBasic.A6_GoogleAddPlaceAPI@120f102b]" started-at="2023-05-15T22:37:13 CDT" name="GoogleAddPlaceAPI" finished-at="2023-05-15T22:37:19 CDT" duration-ms="5783" status="PASS">
          <reporter-output>
          </reporter-output>
        </test-method> <!-- GoogleAddPlaceAPI -->
      </class> <!-- ApiTestingBasic.A6_GoogleAddPlaceAPI -->
    </test> <!-- Default test -->
  </suite> <!-- Default suite -->
</testng-results>
