<?xml version="1.0" encoding="UTF-8"?>
<testng-results ignored="0" total="1" passed="1" failed="0" skipped="0">
  <reporter-output>
  </reporter-output>
  <suite started-at="2023-05-12T23:51:34 CDT" name="Default suite" finished-at="2023-05-12T23:51:36 CDT" duration-ms="1827">
    <groups>
    </groups>
    <test started-at="2023-05-12T23:51:34 CDT" name="Default test" finished-at="2023-05-12T23:51:36 CDT" duration-ms="1827">
      <class name="ApiTestingBasic.JsonTraverse_CoursesAPI">
        <test-method signature="myCourses()[pri:0, instance:ApiTestingBasic.JsonTraverse_CoursesAPI@51dcb805]" started-at="2023-05-12T23:51:34 CDT" name="myCourses" finished-at="2023-05-12T23:51:36 CDT" duration-ms="1775" status="PASS">
          <reporter-output>
          </reporter-output>
        </test-method> <!-- myCourses -->
      </class> <!-- ApiTestingBasic.JsonTraverse_CoursesAPI -->
    </test> <!-- Default test -->
  </suite> <!-- Default suite -->
</testng-results>
